2025-03-28 00:07:32 [main] INFO  edu.icet.mos.Main - Starting Main using Java 17.0.13 with PID 16972 (D:\ICET\SpringBoot\mos\mos-backend\target\classes started by Admin in D:\ICET\SpringBoot\mos\mos-backend)
2025-03-28 00:07:32 [main] INFO  edu.icet.mos.Main - No active profile set, falling back to 1 default profile: "default"
2025-03-28 00:07:33 [main] INFO  o.s.d.r.c.RepositoryConfigurationDelegate - Bootstrapping Spring Data JPA repositories in DEFAULT mode.
2025-03-28 00:07:33 [main] INFO  o.s.d.r.c.RepositoryConfigurationDelegate - Finished Spring Data repository scanning in 200 ms. Found 6 JPA repository interfaces.
2025-03-28 00:07:34 [main] INFO  o.s.b.w.e.tomcat.TomcatWebServer - Tomcat initialized with port 8080 (http)
2025-03-28 00:07:34 [main] INFO  o.a.coyote.http11.Http11NioProtocol - Initializing ProtocolHandler ["http-nio-8080"]
2025-03-28 00:07:34 [main] INFO  o.a.catalina.core.StandardService - Starting service [Tomcat]
2025-03-28 00:07:34 [main] INFO  o.a.catalina.core.StandardEngine - Starting Servlet engine: [Apache Tomcat/10.1.36]
2025-03-28 00:07:35 [main] INFO  o.a.c.c.C.[Tomcat].[localhost].[/] - Initializing Spring embedded WebApplicationContext
2025-03-28 00:07:35 [main] INFO  o.s.b.w.s.c.ServletWebServerApplicationContext - Root WebApplicationContext: initialization completed in 2251 ms
2025-03-28 00:07:35 [main] INFO  o.h.jpa.internal.util.LogHelper - HHH000204: Processing PersistenceUnitInfo [name: default]
2025-03-28 00:07:35 [main] INFO  org.hibernate.Version - HHH000412: Hibernate ORM core version 6.6.8.Final
2025-03-28 00:07:35 [main] INFO  o.h.c.i.RegionFactoryInitiator - HHH000026: Second-level cache disabled
2025-03-28 00:07:36 [main] INFO  o.s.o.j.p.SpringPersistenceUnitInfo - No LoadTimeWeaver setup: ignoring JPA class transformer
2025-03-28 00:07:36 [main] INFO  com.zaxxer.hikari.HikariDataSource - HikariPool-1 - Starting...
2025-03-28 00:07:36 [main] INFO  com.zaxxer.hikari.pool.HikariPool - HikariPool-1 - Added connection com.mysql.cj.jdbc.ConnectionImpl@55c46ec1
2025-03-28 00:07:36 [main] INFO  com.zaxxer.hikari.HikariDataSource - HikariPool-1 - Start completed.
2025-03-28 00:07:36 [main] INFO  o.hibernate.orm.connections.pooling - HHH10001005: Database info:
	Database JDBC URL [Connecting through datasource 'HikariDataSource (HikariPool-1)']
	Database driver: undefined/unknown
	Database version: 8.0.36
	Autocommit mode: undefined/unknown
	Isolation level: undefined/unknown
	Minimum pool size: undefined/unknown
	Maximum pool size: undefined/unknown
2025-03-28 00:07:38 [main] INFO  o.h.e.t.j.p.i.JtaPlatformInitiator - HHH000489: No JTA platform available (set 'hibernate.transaction.jta.platform' to enable JTA platform integration)
2025-03-28 00:07:38 [main] INFO  o.s.o.j.LocalContainerEntityManagerFactoryBean - Initialized JPA EntityManagerFactory for persistence unit 'default'
2025-03-28 00:07:38 [main] WARN  o.s.b.a.o.j.JpaBaseConfiguration$JpaWebConfiguration - spring.jpa.open-in-view is enabled by default. Therefore, database queries may be performed during view rendering. Explicitly configure spring.jpa.open-in-view to disable this warning
2025-03-28 00:07:38 [main] INFO  o.s.s.c.a.a.c.InitializeAuthenticationProviderBeanManagerConfigurer$InitializeAuthenticationProviderManagerConfigurer - Global AuthenticationManager configured with AuthenticationProvider bean with name authenticationProvider
2025-03-28 00:07:38 [main] WARN  o.s.s.c.a.a.c.InitializeUserDetailsBeanManagerConfigurer$InitializeUserDetailsManagerConfigurer - Global AuthenticationManager configured with an AuthenticationProvider bean. UserDetailsService beans will not be used by Spring Security for automatically configuring username/password login. Consider removing the AuthenticationProvider bean. Alternatively, consider using the UserDetailsService in a manually instantiated DaoAuthenticationProvider. If the current configuration is intentional, to turn off this warning, increase the logging level of 'org.springframework.security.config.annotation.authentication.configuration.InitializeUserDetailsBeanManagerConfigurer' to ERROR
2025-03-28 00:07:39 [main] INFO  o.a.coyote.http11.Http11NioProtocol - Starting ProtocolHandler ["http-nio-8080"]
2025-03-28 00:07:39 [main] INFO  o.s.b.w.e.tomcat.TomcatWebServer - Tomcat started on port 8080 (http) with context path '/'
2025-03-28 00:07:39 [main] INFO  edu.icet.mos.Main - Started Main in 7.66 seconds (process running for 8.405)
2025-03-28 00:08:42 [http-nio-8080-exec-2] INFO  o.a.c.c.C.[Tomcat].[localhost].[/] - Initializing Spring DispatcherServlet 'dispatcherServlet'
2025-03-28 00:08:42 [http-nio-8080-exec-2] INFO  o.s.web.servlet.DispatcherServlet - Initializing Servlet 'dispatcherServlet'
2025-03-28 00:08:42 [http-nio-8080-exec-2] INFO  o.s.web.servlet.DispatcherServlet - Completed initialization in 2 ms
2025-03-28 00:08:43 [http-nio-8080-exec-2] INFO  e.icet.mos.controller.AuthController - UserRegistrationService=> createUser()
2025-03-28 00:08:44 [http-nio-8080-exec-2] INFO  e.i.m.c.RequestResponseLoggingFilter - Request Info: POST /api/auth/register
2025-03-28 00:08:44 [http-nio-8080-exec-2] INFO  e.i.m.c.RequestResponseLoggingFilter - Request Headers: content-type=application/json, user-agent=PostmanRuntime/7.43.2, accept=*/*, postman-token=b4aa0b9d-0839-4ed0-afe2-39732e831f5c, host=localhost:8080, accept-encoding=gzip, deflate, br, connection=keep-alive, content-length=114, cookie=JSESSIONID=9F97C61E3B0A31B3696338AF93577E35
2025-03-28 00:08:44 [http-nio-8080-exec-2] INFO  e.i.m.c.RequestResponseLoggingFilter - Response Body: {"password":"$2a$10$oY4RAFnq.frgRncuOnioiuSZq18RMKirFVs9tjOGVdJP1AU0Fan4i","authorities":[{"authority":"ROLE_USER"}],"username":"shehan@gmail.com","enabled":true,"accountNonLocked":true,"accountNonExpired":true,"credentialsNonExpired":true}
2025-03-28 00:09:28 [http-nio-8080-exec-4] INFO  e.i.m.c.RequestResponseLoggingFilter - Request Info: POST /api/auth/login
2025-03-28 00:09:28 [http-nio-8080-exec-4] INFO  e.i.m.c.RequestResponseLoggingFilter - Request Headers: content-type=application/json, user-agent=PostmanRuntime/7.43.2, accept=*/*, postman-token=8946c3e2-182d-4081-b288-c7dc5492c477, host=localhost:8080, accept-encoding=gzip, deflate, br, connection=keep-alive, content-length=60, cookie=JSESSIONID=9F97C61E3B0A31B3696338AF93577E35
2025-03-28 00:09:28 [http-nio-8080-exec-4] INFO  e.i.m.c.RequestResponseLoggingFilter - Response Body: {"token":"eyJhbGciOiJIUzM4NCJ9.eyJzdWIiOiJzaGVoYW5AZ21haWwuY29tIiwiaWF0IjoxNzQzMTAwNzY4LCJleHAiOjE3NDMxMDQzNjh9.wBnjVRxD9W7A9CX9wvd4CbA54r1Zv6asqgNHybuyJGRrxBnwXPX_weaBgxBbgWGt"}
2025-03-28 00:10:55 [SpringApplicationShutdownHook] INFO  o.s.b.w.e.tomcat.GracefulShutdown - Commencing graceful shutdown. Waiting for active requests to complete
2025-03-28 00:10:55 [tomcat-shutdown] INFO  o.s.b.w.e.tomcat.GracefulShutdown - Graceful shutdown complete
2025-03-28 00:10:55 [SpringApplicationShutdownHook] INFO  o.s.o.j.LocalContainerEntityManagerFactoryBean - Closing JPA EntityManagerFactory for persistence unit 'default'
2025-03-28 00:10:55 [SpringApplicationShutdownHook] INFO  com.zaxxer.hikari.HikariDataSource - HikariPool-1 - Shutdown initiated...
2025-03-28 00:10:55 [SpringApplicationShutdownHook] INFO  com.zaxxer.hikari.HikariDataSource - HikariPool-1 - Shutdown completed.
